<?xml version="1.0" encoding="UTF-8"?>
<!-- Generated by org.testng.reporters.JUnitReportReporter -->
<testsuite skipped="0" hostname="BLACKRABBIT" name="Academy.ValidateNavBar" tests="1" failures="0" timestamp="2019-12-30T13:32:21 CET" time="0.053" errors="0">
  <testcase name="basePageNavigation" time="0.053" classname="Academy.ValidateNavBar"/>
  <system-out/>
</testsuite> <!-- Academy.ValidateNavBar -->
