<?xml version="1.0" encoding="UTF-8"?>
<!-- Generated by org.testng.reporters.JUnitReportReporter -->
<testsuite skipped="0" hostname="BLACKRABBIT" name="Academy.HomePage" tests="2" failures="0" timestamp="2019-12-30T13:32:21 CET" time="10.793" errors="0">
  <testcase name="basePageNavigation" time="3.728" classname="Academy.HomePage"/>
  <system-out/>
  <testcase name="basePageNavigation" time="7.065" classname="Academy.HomePage"/>
  <system-out/>
</testsuite> <!-- Academy.HomePage -->
