<?xml version="1.0" encoding="UTF-8"?>
<!-- Generated by org.testng.reporters.JUnitReportReporter -->
<testsuite skipped="2" hostname="BLACKRABBIT" name="cucumberOptions.TestRunner" tests="2" failures="0" timestamp="2020-01-02T16:51:36 CET" time="0.105" errors="0">
  <testcase name="runScenario" time="0.102" classname="cucumberOptions.TestRunner">
    <skipped/>
  </testcase> <!-- runScenario -->
  <system-out/>
  <testcase name="runScenario" time="0.003" classname="cucumberOptions.TestRunner">
    <skipped/>
  </testcase> <!-- runScenario -->
  <system-out/>
</testsuite> <!-- cucumberOptions.TestRunner -->
